<?xml version="1.0" encoding="UTF-8"?>
<testng-results ignored="0" total="2" passed="2" failed="0" skipped="0">
  <reporter-output>
    <line>
      <![CDATA[instagram is running]]>
    </line>
    <line>
      <![CDATA[facebook is running]]>
    </line>
  </reporter-output>
  <suite started-at="2024-01-10T14:44:28 IST" name="Parallel Testing Suite" finished-at="2024-01-10T14:45:45 IST" duration-ms="77119">
    <groups>
    </groups>
    <test started-at="2024-01-10T14:44:28 IST" name="Parallel Tests" finished-at="2024-01-10T14:45:45 IST" duration-ms="77119">
      <class name="testNGStudy.ParallelTest">
        <test-method signature="FirefoxTest()[pri:0, instance:testNGStudy.ParallelTest@dd05255]" started-at="2024-01-10T14:44:28 IST" name="FirefoxTest" finished-at="2024-01-10T14:45:43 IST" duration-ms="74671" status="PASS">
          <reporter-output>
            <line>
              <![CDATA[facebook is running]]>
            </line>
          </reporter-output>
        </test-method> <!-- FirefoxTest -->
        <test-method signature="ChromeTest()[pri:0, instance:testNGStudy.ParallelTest@dd05255]" started-at="2024-01-10T14:44:28 IST" name="ChromeTest" finished-at="2024-01-10T14:45:10 IST" duration-ms="41627" status="PASS">
          <reporter-output>
            <line>
              <![CDATA[instagram is running]]>
            </line>
          </reporter-output>
        </test-method> <!-- ChromeTest -->
      </class> <!-- testNGStudy.ParallelTest -->
    </test> <!-- Parallel Tests -->
  </suite> <!-- Parallel Testing Suite -->
</testng-results>
